<?xml version="1.0" encoding="UTF-8"?>
<testng-results ignored="0" total="1" passed="1" failed="0" skipped="0">
  <reporter-output>
  </reporter-output>
  <suite started-at="2022-12-04T13:39:05 IST" name="Suite" finished-at="2022-12-04T13:39:18 IST" duration-ms="13192">
    <groups>
    </groups>
    <test started-at="2022-12-04T13:39:05 IST" name="Test" finished-at="2022-12-04T13:39:18 IST" duration-ms="13192">
      <class name="Jenkins.TestA">
        <test-method signature="openBrowser()[pri:0, instance:Jenkins.TestA@72cde7cc]" started-at="2022-12-04T13:39:05 IST" name="openBrowser" finished-at="2022-12-04T13:39:18 IST" duration-ms="13039" status="PASS">
          <reporter-output>
          </reporter-output>
        </test-method> <!-- openBrowser -->
      </class> <!-- Jenkins.TestA -->
    </test> <!-- Test -->
  </suite> <!-- Suite -->
</testng-results>
