<?xml version="1.0" encoding="UTF-8"?>
<testng-results total="1" passed="1" failed="0" skipped="0">
  <reporter-output>
  </reporter-output>
  <suite started-at="2022-12-04T07:05:42Z" name="Default suite" finished-at="2022-12-04T07:05:52Z" duration-ms="9955">
    <groups>
    </groups>
    <test started-at="2022-12-04T07:05:42Z" name="Default test" finished-at="2022-12-04T07:05:52Z" duration-ms="9955">
      <class name="Jenkins.TestA">
        <test-method signature="openBrowser()[pri:0, instance:Jenkins.TestA@5cdec700]" started-at="2022-12-04T12:35:42Z" name="openBrowser" finished-at="2022-12-04T12:35:52Z" duration-ms="9898" status="PASS">
          <reporter-output>
          </reporter-output>
        </test-method> <!-- openBrowser -->
      </class> <!-- Jenkins.TestA -->
    </test> <!-- Default test -->
  </suite> <!-- Default suite -->
</testng-results>
